<?xml version="1.0" encoding="UTF-8"?>
<testsuite xmlns:xsi="http://www.w3.org/2001/XMLSchema-instance" xsi:noNamespaceSchemaLocation="https://maven.apache.org/surefire/maven-surefire-plugin/xsd/surefire-test-report-3.0.xsd" version="3.0" name="TestSuite" time="8.72" tests="5" errors="0" skipped="0" failures="1">
  <properties>
[...]
</properties>
  <testcase name="printLogo1" classname="TestNG.Groups" time="0.036"/>
  <testcase name="printLogo2" classname="TestNG.Groups" time="0"/>
  <testcase name="test1" classname="TestNG.Groups" time="0"/>
  <testcase name="test2" classname="TestNG.Groups" time="0"/>
  <testcase name="test1" classname="TestNG.DependsOnMethods" time="0.003">
    <failure message="/ by zero" type="java.lang.ArithmeticException">java.lang.ArithmeticException: / by zero
	at TestNG.DependsOnMethods.test1(DependsOnMethods.java:11)
</failure>
    <system-out><![CDATA[test1
]]></system-out>
  </testcase>
</testsuite>