<?xml version="1.0" encoding="UTF-8"?>
<!-- Generated by org.testng.reporters.JUnitXMLReporter -->
<testsuite hostname="swapnil-PC" ignored="0" name="TestNGTest" tests="5" failures="1" timestamp="02 Aug 2019 13:10:11 GMT" time="0.188" errors="0">
  <testcase name="printLogo1" time="0.019" classname="TestNG.Groups"/>
  <testcase name="printLogo2" time="0.0" classname="TestNG.Groups"/>
  <testcase name="test1" time="0.001" classname="TestNG.Groups"/>
  <testcase name="test2" time="0.0" classname="TestNG.Groups"/>
  <testcase name="test1" time="0.001" classname="TestNG.DependsOnMethods">
    <failure type="java.lang.ArithmeticException" message="/ by zero">
      <![CDATA[java.lang.ArithmeticException: / by zero
at TestNG.DependsOnMethods.test1(DependsOnMethods.java:11)
... Removed 29 stack frames]]>
    </failure>
  </testcase> <!-- test1 -->
</testsuite> <!-- TestNGTest -->
