<?xml version="1.0" encoding="UTF-8"?>
<!-- Generated by org.testng.reporters.JUnitXMLReporter -->
<testsuite hostname="swapnil-PC" ignored="1" name="TestNGTest(failed)" tests="1" failures="1" timestamp="01 Aug 2019 14:08:02 GMT" time="0.109" errors="0">
  <testcase name="test1" time="0.031" classname="TestNG.DependsOnMethods">
    <failure type="java.lang.ArithmeticException" message="/ by zero">
      <![CDATA[java.lang.ArithmeticException: / by zero
	at TestNG.DependsOnMethods.test1(DependsOnMethods.java:11)
... Removed 25 stack frames]]>
    </failure>
  </testcase> <!-- test1 -->
  <testcase name="test2" time="0.0" classname="TestNG.DependsOnMethods">
    <ignored/>
  </testcase> <!-- test2 -->
</testsuite> <!-- TestNGTest(failed) -->
